19:08:54.264 INFO  manager.ApplicationManager - All tests run in Chrome Browser
19:08:55.193 INFO  manager.ApplicationManager - The linkhttps://telranedu.web.app/home
19:08:55.305 INFO  tests.TestBase - Name of method-->loginSuccess
19:09:00.420 INFO  tests.TestBase - Start test with name 'Login Success'
19:09:00.460 INFO  tests.TestBase - Test data --->> email: 'marushana@yandex.ru' & password: 'Pokrov1304!'
19:09:03.395 INFO  tests.TestBase - Assert check is element button 'Sign Out' present
19:09:03.410 INFO  tests.TestBase - Name of method-->loginSuccessModel
19:09:03.645 INFO  tests.TestBase - Before method finished logout
19:09:03.649 INFO  tests.TestBase - Test data --->> email: 'marushana@yandex.ru' & password: 'Pokrov1304!'
19:09:05.626 INFO  tests.TestBase - Assert check is element button 'Sign Out' present
19:09:05.630 INFO  tests.TestBase - Name of method-->loginUnregisteredUser
19:09:05.897 INFO  tests.TestBase - Before method finished logout
19:09:05.899 INFO  tests.TestBase - Test data --->> email: 'ushana@yandex.ru' & password: 'pokrov1304'
19:09:07.807 INFO  tests.TestBase - Assert check is alert present with text 'Wrong email or password'
19:09:07.812 INFO  tests.TestBase - Name of method-->loginWrongEmail
19:09:12.827 INFO  tests.TestBase - Test data --->> email: 'marushanayandex.ru' & password: 'Pokrov1304!'
19:09:14.083 INFO  tests.TestBase - Assert check is alert present with text 'Wrong email or password'
19:09:14.098 INFO  tests.TestBase - Name of method-->loginWrongPassword
19:09:19.160 INFO  tests.TestBase - Test data --->> email: 'marushana@yandex.ru' & password: 'pokrov1304'
19:09:20.332 INFO  tests.TestBase - Assert check is alert present with text 'Wrong email or password'
