17:46:51.385 INFO  manager.ApplicationManager - All tests run in Chrome Browser
17:46:56.117 INFO  manager.ApplicationManager - The linkhttps://telranedu.web.app/home
17:46:56.138 INFO  manager.TestNGListener - Start tests on date-->Tue Dec 23 17:46:56 IST 2025+++++++++++++
17:46:56.173 INFO  tests.TestBase - Name of method-->loginSuccess
17:47:01.203 INFO  manager.TestNGListener - Start test-->loginSuccess+++++++++++++
17:47:01.206 INFO  tests.TestBase - Start test with name 'Login Success'
17:47:01.211 INFO  tests.TestBase - Test data --->> email: marushana@yandex.ru, password: Pokrov1304!
17:47:01.226 INFO  manager.WDListener - Before find elementBy.xpath: //*[text() = 'LOGIN']
17:47:01.260 INFO  manager.WDListener - After find elementBy.xpath: //*[text() = 'LOGIN']
17:47:01.269 INFO  manager.WDListener - location of elementa
17:47:01.290 INFO  manager.WDListener - Before click element--->atext = LOGIN
17:47:01.372 INFO  manager.WDListener - After click element--->a
17:47:01.373 INFO  manager.HelperBase - open form by click on button with locator By.xpath("//*[text() = 'LOGIN']")
17:47:01.373 INFO  manager.WDListener - Before find elementBy.xpath: //input[@placeholder = 'Email']
17:47:01.424 INFO  manager.WDListener - After find elementBy.xpath: //input[@placeholder = 'Email']
17:47:01.433 INFO  manager.WDListener - location of elementinput
17:47:01.460 INFO  manager.WDListener - Before click element--->inputtext = 
17:47:01.551 INFO  manager.WDListener - After click element--->input
17:47:01.590 INFO  manager.WDListener - SendKeys-->input
17:47:01.627 INFO  manager.WDListener - SendKeys-->input
17:47:01.680 INFO  manager.WDListener - SendKeys-->input
17:47:01.725 INFO  manager.WDListener - Before find elementBy.xpath: //input[@placeholder = 'Password']
17:47:01.750 INFO  manager.WDListener - After find elementBy.xpath: //input[@placeholder = 'Password']
17:47:01.756 INFO  manager.WDListener - location of elementinput
17:47:01.772 INFO  manager.WDListener - Before click element--->inputtext = 
17:47:01.829 INFO  manager.WDListener - After click element--->input
17:47:01.858 INFO  manager.WDListener - SendKeys-->input
17:47:01.884 INFO  manager.WDListener - SendKeys-->input
17:47:01.910 INFO  manager.WDListener - SendKeys-->input
17:47:01.938 INFO  manager.HelperBase - type into input email by locator By.xpath("//input[@placeholder = 'Email']")
17:47:01.938 INFO  manager.HelperBase - type into input email by locator By.xpath("//input[@placeholder = 'Password']")
17:47:01.939 INFO  manager.WDListener - Before find elementBy.xpath: //*[text() = 'Login']
17:47:01.961 INFO  manager.WDListener - After find elementBy.xpath: //*[text() = 'Login']
17:47:01.968 INFO  manager.WDListener - location of elementbutton
17:47:01.987 INFO  manager.WDListener - Before click element--->buttontext = Login
17:47:03.019 INFO  tests.TestBase - Assert check is element button 'Sign Out' present
17:47:03.023 INFO  manager.TestNGListener - Success test-->loginSuccess+++++++++++++
17:47:03.026 INFO  tests.TestBase - ++++++++++
17:47:03.027 INFO  tests.TestBase - Name of method-->loginSuccess
17:47:03.071 INFO  manager.WDListener - Before find elementBy.xpath: //button[text() = 'Sign Out']
17:47:03.104 INFO  manager.WDListener - After find elementBy.xpath: //button[text() = 'Sign Out']
17:47:03.113 INFO  manager.WDListener - location of elementbutton
17:47:03.134 INFO  manager.WDListener - Before click element--->buttontext = Sign Out
17:47:03.234 INFO  tests.TestBase - Before method finished logout
17:47:03.235 INFO  manager.TestNGListener - Start test-->loginSuccess+++++++++++++
17:47:03.235 INFO  tests.TestBase - Start test with name 'Login Success'
17:47:03.235 INFO  tests.TestBase - Test data --->> email: sonya@gmail.com, password: Ss12345$
17:47:03.235 INFO  manager.WDListener - Before find elementBy.xpath: //*[text() = 'LOGIN']
17:47:03.271 INFO  manager.WDListener - After find elementBy.xpath: //*[text() = 'LOGIN']
17:47:03.285 INFO  manager.WDListener - location of elementa
17:47:03.323 INFO  manager.WDListener - Before click element--->atext = LOGIN
17:47:03.420 INFO  manager.WDListener - After click element--->a
17:47:03.420 INFO  manager.HelperBase - open form by click on button with locator By.xpath("//*[text() = 'LOGIN']")
17:47:03.420 INFO  manager.WDListener - Before find elementBy.xpath: //input[@placeholder = 'Email']
17:47:03.443 INFO  manager.WDListener - After find elementBy.xpath: //input[@placeholder = 'Email']
17:47:03.455 INFO  manager.WDListener - location of elementinput
17:47:03.470 INFO  manager.WDListener - Before click element--->inputtext = 
17:47:03.544 INFO  manager.WDListener - After click element--->input
17:47:03.577 INFO  manager.WDListener - SendKeys-->input
17:47:03.670 INFO  manager.WDListener - SendKeys-->input
17:47:03.720 INFO  manager.WDListener - SendKeys-->input
17:47:03.790 INFO  manager.WDListener - Before find elementBy.xpath: //input[@placeholder = 'Password']
17:47:03.828 INFO  manager.WDListener - After find elementBy.xpath: //input[@placeholder = 'Password']
17:47:03.843 INFO  manager.WDListener - location of elementinput
17:47:03.971 INFO  manager.WDListener - Before click element--->inputtext = 
17:47:04.107 INFO  manager.WDListener - After click element--->input
17:47:04.155 INFO  manager.WDListener - SendKeys-->input
17:47:04.210 INFO  manager.WDListener - SendKeys-->input
17:47:04.259 INFO  manager.WDListener - SendKeys-->input
17:47:04.306 INFO  manager.HelperBase - type into input email by locator By.xpath("//input[@placeholder = 'Email']")
17:47:04.306 INFO  manager.HelperBase - type into input email by locator By.xpath("//input[@placeholder = 'Password']")
17:47:04.306 INFO  manager.WDListener - Before find elementBy.xpath: //*[text() = 'Login']
17:47:04.337 INFO  manager.WDListener - After find elementBy.xpath: //*[text() = 'Login']
17:47:04.358 INFO  manager.WDListener - location of elementbutton
17:47:04.383 INFO  manager.WDListener - Before click element--->buttontext = Login
17:47:04.740 INFO  tests.TestBase - Assert check is element button 'Sign Out' present
17:47:04.740 INFO  manager.TestNGListener - Success test-->loginSuccess+++++++++++++
17:47:04.740 INFO  tests.TestBase - ++++++++++
17:47:04.741 INFO  tests.TestBase - Name of method-->loginSuccess
17:47:04.766 INFO  manager.WDListener - Before find elementBy.xpath: //button[text() = 'Sign Out']
17:47:04.808 INFO  manager.WDListener - After find elementBy.xpath: //button[text() = 'Sign Out']
17:47:04.842 INFO  manager.WDListener - location of elementbutton
17:47:04.899 INFO  manager.WDListener - Before click element--->buttontext = Sign Out
17:47:05.097 INFO  tests.TestBase - Before method finished logout
17:47:05.103 INFO  manager.TestNGListener - Start test-->loginSuccess+++++++++++++
17:47:05.104 INFO  tests.TestBase - Start test with name 'Login Success'
17:47:05.107 INFO  tests.TestBase - Test data --->> email: marushana@yandex.ru, password: Pokrov1304!
17:47:05.107 INFO  manager.WDListener - Before find elementBy.xpath: //*[text() = 'LOGIN']
17:47:05.142 INFO  manager.WDListener - After find elementBy.xpath: //*[text() = 'LOGIN']
17:47:05.154 INFO  manager.WDListener - location of elementa
17:47:05.173 INFO  manager.WDListener - Before click element--->atext = LOGIN
17:47:05.241 INFO  manager.WDListener - After click element--->a
17:47:05.241 INFO  manager.HelperBase - open form by click on button with locator By.xpath("//*[text() = 'LOGIN']")
17:47:05.241 INFO  manager.WDListener - Before find elementBy.xpath: //input[@placeholder = 'Email']
17:47:05.319 INFO  manager.WDListener - After find elementBy.xpath: //input[@placeholder = 'Email']
17:47:05.349 INFO  manager.WDListener - location of elementinput
17:47:05.411 INFO  manager.WDListener - Before click element--->inputtext = 
17:47:05.560 INFO  manager.WDListener - After click element--->input
17:47:05.608 INFO  manager.WDListener - SendKeys-->input
17:47:05.915 INFO  manager.WDListener - SendKeys-->input
17:47:06.069 INFO  manager.WDListener - SendKeys-->input
17:47:06.146 INFO  manager.WDListener - Before find elementBy.xpath: //input[@placeholder = 'Password']
17:47:06.177 INFO  manager.WDListener - After find elementBy.xpath: //input[@placeholder = 'Password']
17:47:06.184 INFO  manager.WDListener - location of elementinput
17:47:06.202 INFO  manager.WDListener - Before click element--->inputtext = 
17:47:06.310 INFO  manager.WDListener - After click element--->input
17:47:06.362 INFO  manager.WDListener - SendKeys-->input
17:47:06.445 INFO  manager.WDListener - SendKeys-->input
17:47:06.506 INFO  manager.WDListener - SendKeys-->input
17:47:06.643 INFO  manager.HelperBase - type into input email by locator By.xpath("//input[@placeholder = 'Email']")
17:47:06.643 INFO  manager.HelperBase - type into input email by locator By.xpath("//input[@placeholder = 'Password']")
17:47:06.644 INFO  manager.WDListener - Before find elementBy.xpath: //*[text() = 'Login']
17:47:06.667 INFO  manager.WDListener - After find elementBy.xpath: //*[text() = 'Login']
17:47:06.677 INFO  manager.WDListener - location of elementbutton
17:47:06.692 INFO  manager.WDListener - Before click element--->buttontext = Login
17:47:07.351 INFO  tests.TestBase - Assert check is element button 'Sign Out' present
17:47:07.354 INFO  manager.TestNGListener - Success test-->loginSuccess+++++++++++++
17:47:07.356 INFO  tests.TestBase - ++++++++++
17:47:07.357 INFO  tests.TestBase - Name of method-->loginSuccess
17:47:07.373 INFO  manager.WDListener - Before find elementBy.xpath: //button[text() = 'Sign Out']
17:47:07.388 INFO  manager.WDListener - After find elementBy.xpath: //button[text() = 'Sign Out']
17:47:07.396 INFO  manager.WDListener - location of elementbutton
17:47:07.411 INFO  manager.WDListener - Before click element--->buttontext = Sign Out
17:47:07.509 INFO  tests.TestBase - Before method finished logout
17:47:07.512 INFO  manager.TestNGListener - Start test-->loginSuccess+++++++++++++
17:47:07.512 INFO  tests.TestBase - Start test with name 'Login Success'
17:47:07.513 INFO  tests.TestBase - Test data --->> email: marushana@yandex.ru, password: Pokrov1304!
17:47:07.517 INFO  manager.WDListener - Before find elementBy.xpath: //*[text() = 'LOGIN']
17:47:07.536 INFO  manager.WDListener - After find elementBy.xpath: //*[text() = 'LOGIN']
17:47:07.551 INFO  manager.WDListener - location of elementa
17:47:07.568 INFO  manager.WDListener - Before click element--->atext = LOGIN
17:47:07.622 INFO  manager.WDListener - After click element--->a
17:47:07.622 INFO  manager.HelperBase - open form by click on button with locator By.xpath("//*[text() = 'LOGIN']")
17:47:07.622 INFO  manager.WDListener - Before find elementBy.xpath: //input[@placeholder = 'Email']
17:47:07.669 INFO  manager.WDListener - After find elementBy.xpath: //input[@placeholder = 'Email']
17:47:07.707 INFO  manager.WDListener - location of elementinput
17:47:07.726 INFO  manager.WDListener - Before click element--->inputtext = 
17:47:07.804 INFO  manager.WDListener - After click element--->input
17:47:07.829 INFO  manager.WDListener - SendKeys-->input
17:47:07.859 INFO  manager.WDListener - SendKeys-->input
17:47:07.902 INFO  manager.WDListener - SendKeys-->input
17:47:07.985 INFO  manager.WDListener - Before find elementBy.xpath: //input[@placeholder = 'Password']
17:47:08.009 INFO  manager.WDListener - After find elementBy.xpath: //input[@placeholder = 'Password']
17:47:08.020 INFO  manager.WDListener - location of elementinput
17:47:08.045 INFO  manager.WDListener - Before click element--->inputtext = 
17:47:08.150 INFO  manager.WDListener - After click element--->input
17:47:08.196 INFO  manager.WDListener - SendKeys-->input
17:47:08.237 INFO  manager.WDListener - SendKeys-->input
17:47:08.273 INFO  manager.WDListener - SendKeys-->input
17:47:08.342 INFO  manager.HelperBase - type into input email by locator By.xpath("//input[@placeholder = 'Email']")
17:47:08.342 INFO  manager.HelperBase - type into input email by locator By.xpath("//input[@placeholder = 'Password']")
17:47:08.342 INFO  manager.WDListener - Before find elementBy.xpath: //*[text() = 'Login']
17:47:08.365 INFO  manager.WDListener - After find elementBy.xpath: //*[text() = 'Login']
17:47:08.371 INFO  manager.WDListener - location of elementbutton
17:47:08.386 INFO  manager.WDListener - Before click element--->buttontext = Login
17:47:08.774 INFO  tests.TestBase - Assert check is element button 'Sign Out' present
17:47:08.775 INFO  manager.TestNGListener - Success test-->loginSuccess+++++++++++++
17:47:08.777 INFO  tests.TestBase - ++++++++++
17:47:08.779 INFO  tests.TestBase - Name of method-->loginSuccess
17:47:08.798 INFO  manager.WDListener - Before find elementBy.xpath: //button[text() = 'Sign Out']
17:47:08.818 INFO  manager.WDListener - After find elementBy.xpath: //button[text() = 'Sign Out']
17:47:08.823 INFO  manager.WDListener - location of elementbutton
17:47:08.843 INFO  manager.WDListener - Before click element--->buttontext = Sign Out
17:47:08.926 INFO  tests.TestBase - Before method finished logout
17:47:08.927 INFO  manager.TestNGListener - Start test-->loginSuccess+++++++++++++
17:47:08.928 INFO  tests.TestBase - Start test with name 'Login Success'
17:47:08.928 INFO  tests.TestBase - Test data --->> email: marushana@yandex.ru, password: Pokrov1304!
17:47:08.928 INFO  manager.WDListener - Before find elementBy.xpath: //*[text() = 'LOGIN']
17:47:08.957 INFO  manager.WDListener - After find elementBy.xpath: //*[text() = 'LOGIN']
17:47:08.986 INFO  manager.WDListener - location of elementa
17:47:09.004 INFO  manager.WDListener - Before click element--->atext = LOGIN
17:47:09.084 INFO  manager.WDListener - After click element--->a
17:47:09.085 INFO  manager.HelperBase - open form by click on button with locator By.xpath("//*[text() = 'LOGIN']")
17:47:09.085 INFO  manager.WDListener - Before find elementBy.xpath: //input[@placeholder = 'Email']
17:47:09.105 INFO  manager.WDListener - After find elementBy.xpath: //input[@placeholder = 'Email']
17:47:09.110 INFO  manager.WDListener - location of elementinput
17:47:09.127 INFO  manager.WDListener - Before click element--->inputtext = 
17:47:09.221 INFO  manager.WDListener - After click element--->input
17:47:09.259 INFO  manager.WDListener - SendKeys-->input
17:47:09.292 INFO  manager.WDListener - SendKeys-->input
17:47:09.328 INFO  manager.WDListener - SendKeys-->input
17:47:09.406 INFO  manager.WDListener - Before find elementBy.xpath: //input[@placeholder = 'Password']
17:47:09.433 INFO  manager.WDListener - After find elementBy.xpath: //input[@placeholder = 'Password']
17:47:09.440 INFO  manager.WDListener - location of elementinput
17:47:09.468 INFO  manager.WDListener - Before click element--->inputtext = 
17:47:09.722 INFO  manager.WDListener - After click element--->input
17:47:09.749 INFO  manager.WDListener - SendKeys-->input
17:47:09.787 INFO  manager.WDListener - SendKeys-->input
17:47:09.825 INFO  manager.WDListener - SendKeys-->input
17:47:09.878 INFO  manager.HelperBase - type into input email by locator By.xpath("//input[@placeholder = 'Email']")
17:47:09.879 INFO  manager.HelperBase - type into input email by locator By.xpath("//input[@placeholder = 'Password']")
17:47:09.879 INFO  manager.WDListener - Before find elementBy.xpath: //*[text() = 'Login']
17:47:09.907 INFO  manager.WDListener - After find elementBy.xpath: //*[text() = 'Login']
17:47:09.913 INFO  manager.WDListener - location of elementbutton
17:47:09.936 INFO  manager.WDListener - Before click element--->buttontext = Login
17:47:10.269 INFO  tests.TestBase - Assert check is element button 'Sign Out' present
17:47:10.269 INFO  manager.TestNGListener - Success test-->loginSuccess+++++++++++++
17:47:10.273 INFO  tests.TestBase - ++++++++++
17:47:10.279 INFO  manager.TestNGListener - Stop tests on date-->Tue Dec 23 17:46:56 IST 2025+++++++++++++
